2024-05-03T09:28:29.298Z - Data fetched successfully at 03.05.2024, 12:28:29
2024-05-03T09:30:05.527Z - Data fetched successfully at 03.05.2024, 12:30:05
2024-05-03T09:37:10.518Z - Data fetched successfully at 03.05.2024, 12:37:10
2024-05-27T07:07:55.748Z - Error fetching data at 5/27/2024, 10:07:55 AM: Unexpected token '<', "<!DOCTYPE "... is not valid JSON
2024-05-27T09:36:59.371Z - Error fetching data at 5/27/2024, 12:36:59 PM: Unexpected token '<', "<!DOCTYPE "... is not valid JSON
2024-05-27T10:31:38.797Z - Error fetching data at 5/27/2024, 1:31:38 PM: Unexpected token '<', "<!DOCTYPE "... is not valid JSON
2024-05-27T11:00:00.764Z - Error fetching data at 5/27/2024, 2:00:00 PM: Unexpected token '<', "<!DOCTYPE "... is not valid JSON
2024-05-28T07:14:50.079Z - Error fetching data at 5/28/2024, 10:14:50 AM: Unexpected token '<', "<!DOCTYPE "... is not valid JSON
2024-05-28T08:59:56.005Z - Error fetching data at 5/28/2024, 11:59:55 AM: Unexpected token '<', "<!DOCTYPE "... is not valid JSON
2024-05-28T09:08:35.827Z - Error fetching data at 5/28/2024, 12:08:35 PM: Unexpected token '<', "<!DOCTYPE "... is not valid JSON
2024-05-28T09:09:35.639Z - Error fetching data at 5/28/2024, 12:09:35 PM: Unexpected token '<', "<!DOCTYPE "... is not valid JSON
2024-05-28T09:46:52.823Z - Error fetching data at 5/28/2024, 12:46:52 PM: Unexpected token '<', "<!DOCTYPE "... is not valid JSON
2024-05-31T12:19:48.274Z - Error fetching data at 5/31/2024, 3:19:48 PM: Unexpected token '<', "<!DOCTYPE "... is not valid JSON
2024-05-31T12:20:12.443Z - Error fetching data at 5/31/2024, 3:20:12 PM: Unexpected token '<', "<!DOCTYPE "... is not valid JSON
2024-05-31T12:20:56.878Z - Error fetching data at 5/31/2024, 3:20:56 PM: Unexpected token '<', "<!DOCTYPE "... is not valid JSON
2024-05-31T12:29:40.773Z - Error fetching data at 5/31/2024, 3:29:40 PM: Unexpected token '<', "<!DOCTYPE "... is not valid JSON
2024-05-31T12:37:02.268Z - Error fetching data at 5/31/2024, 3:37:02 PM: Unexpected token '<', "<!DOCTYPE "... is not valid JSON
2024-05-31T12:41:33.129Z - Data fetched successfully at 5/31/2024, 3:41:33 PM
2024-07-14T09:33:01.334Z - Data fetched successfully at 7/14/2024, 12:33:01 PM
2024-07-14T09:37:44.482Z - Data fetched successfully at 7/14/2024, 12:37:44 PM
2024-07-15T06:55:37.251Z - Error fetching data at 7/15/2024, 9:55:37 AM: fetch failed
2024-07-15T06:58:39.526Z - Data fetched successfully at 7/15/2024, 9:58:39 AM
2024-07-16T05:34:22.875Z - Data fetched successfully at 7/16/2024, 8:34:22 AM
2024-07-17T07:04:49.616Z - Error fetching data at 7/17/2024, 10:04:49 AM: fetch failed
2024-08-03T11:15:26.953Z - Error fetching data at 8/3/2024, 2:15:26 PM: Failed to parse URL from undefinedundefined
2024-08-04T13:54:50.950Z - Error fetching data at 8/4/2024, 4:54:50 PM: Unexpected end of JSON input
2024-08-04T13:56:20.217Z - Error fetching data at 8/4/2024, 4:56:20 PM: Unexpected end of JSON input
2024-08-04T14:09:31.990Z - Error fetching data at 8/4/2024, 5:09:31 PM: Unexpected end of JSON input
2024-08-04T14:10:48.126Z - Error fetching data at 8/4/2024, 5:10:48 PM: Unexpected end of JSON input
2024-08-04T14:13:08.468Z - Error fetching data at 8/4/2024, 5:13:08 PM: Unexpected end of JSON input
2024-08-04T14:16:35.215Z - Error fetching data at 8/4/2024, 5:16:35 PM: Unexpected end of JSON input
2024-08-04T14:17:11.074Z - Error fetching data at 8/4/2024, 5:17:11 PM: Unexpected end of JSON input
2024-08-04T14:17:21.362Z - Error fetching data at 8/4/2024, 5:17:21 PM: Unexpected end of JSON input
2024-08-04T14:17:49.189Z - Error fetching data at 8/4/2024, 5:17:49 PM: Failed to fetch data
2024-08-05T08:01:07.289Z - Error fetching data at 8/5/2024, 11:01:07 AM: Failed to fetch data
2024-08-05T08:03:48.495Z - Error fetching data at 8/5/2024, 11:03:48 AM: Failed to fetch data
2024-08-05T08:07:59.351Z - Data fetched successfully at 8/5/2024, 11:07:59 AM
2024-08-06T11:00:02.854Z - Error fetching data at 8/6/2024, 2:00:02 PM: Failed to fetch data
2024-08-06T11:54:28.992Z - Error fetching data at 8/6/2024, 2:54:28 PM: Failed to fetch data
2024-08-06T11:54:50.806Z - Error fetching data at 8/6/2024, 2:54:50 PM: Failed to fetch data
2024-08-07T09:51:53.676Z - Data fetched successfully at 8/7/2024, 12:51:53 PM
2024-08-08T07:25:12.374Z - Data fetched successfully at 8/8/2024, 10:25:12 AM
2024-08-09T10:06:48.727Z - Data fetched successfully at 8/9/2024, 1:06:48 PM
2024-08-13T08:21:57.397Z - Data fetched successfully at 8/13/2024, 11:21:57 AM
2024-08-14T08:11:56.022Z - Error fetching data at 8/14/2024, 11:11:56 AM: fetch failed
2024-08-14T13:22:58.637Z - Error fetching data at 8/14/2024, 4:22:58 PM: fetch failed
2024-08-15T11:00:00.780Z - Error fetching data at 8/15/2024, 2:00:00 PM: Failed to fetch data
2024-08-16T09:48:52.326Z - Error fetching data at 8/16/2024, 12:48:52 PM: Failed to fetch data
2024-08-16T09:50:10.270Z - Error fetching data at 8/16/2024, 12:50:10 PM: Failed to fetch data
2024-08-16T09:52:24.576Z - Error fetching data at 8/16/2024, 12:52:24 PM: Failed to fetch data
2024-08-16T09:54:34.547Z - Error fetching data at 8/16/2024, 12:54:34 PM: Failed to fetch data
2024-08-16T09:55:30.692Z - Error fetching data at 8/16/2024, 12:55:30 PM: Failed to fetch data
2024-08-16T09:56:22.705Z - Error fetching data at 8/16/2024, 12:56:22 PM: Failed to fetch data
2024-08-16T09:56:58.817Z - Error fetching data at 8/16/2024, 12:56:58 PM: Failed to fetch data
2024-08-16T09:58:05.762Z - Error fetching data at 8/16/2024, 12:58:05 PM: Failed to fetch data
2024-08-16T09:58:58.599Z - Error fetching data at 8/16/2024, 12:58:58 PM: Failed to fetch data
2024-08-16T10:05:13.800Z - Error fetching data at 8/16/2024, 1:05:13 PM: fetch failed
2024-08-16T10:29:15.578Z - Error fetching data at 8/16/2024, 1:29:15 PM: fetch failed
2024-08-16T10:29:35.592Z - Error fetching data at 8/16/2024, 1:29:35 PM: Failed to fetch data
2024-08-16T10:30:59.472Z - Error fetching data at 8/16/2024, 1:30:59 PM: Failed to fetch data
2024-08-16T10:31:33.538Z - Error fetching data at 8/16/2024, 1:31:33 PM: Failed to fetch data
2024-08-16T10:31:55.751Z - Error fetching data at 8/16/2024, 1:31:55 PM: Failed to fetch data
2024-08-16T11:03:18.384Z - Data fetched successfully at 8/16/2024, 2:03:18 PM
2024-08-17T10:06:21.133Z - Data fetched successfully at 8/17/2024, 1:06:21 PM
2024-08-18T03:50:57.184Z - Error fetching data at 8/18/2024, 6:50:57 AM: fetch failed
2024-08-18T11:03:10.761Z - Data fetched successfully at 8/18/2024, 2:03:10 PM
2024-08-19T11:03:15.994Z - Data fetched successfully at 8/19/2024, 2:03:15 PM
2024-08-20T07:31:57.352Z - Data fetched successfully at 8/20/2024, 10:31:57 AM
2024-08-21T06:51:07.004Z - Data fetched successfully at 8/21/2024, 9:51:06 AM
2024-08-22T06:33:14.163Z - Data fetched successfully at 8/22/2024, 9:33:14 AM
2024-08-23T08:37:47.504Z - Error fetching data at 8/23/2024, 11:37:47 AM: fetch failed
2024-08-23T11:04:43.820Z - Error fetching data at 8/23/2024, 2:04:43 PM: Failed to fetch data
2024-08-24T07:06:03.704Z - Error fetching data at 8/24/2024, 10:06:03 AM: fetch failed
2024-08-24T11:01:39.054Z - Error fetching data at 8/24/2024, 2:01:39 PM: Failed to fetch data
2024-08-27T07:24:08.867Z - Data fetched successfully at 8/27/2024, 10:24:08 AM
2024-08-30T10:04:13.834Z - Data fetched successfully at 8/30/2024, 1:04:13 PM
2024-08-31T07:15:05.359Z - Data fetched successfully at 8/31/2024, 10:15:05 AM
2024-09-01T05:16:24.632Z - Data fetched successfully at 9/1/2024, 8:16:24 AM
2024-09-02T07:55:28.950Z - Data fetched successfully at 9/2/2024, 10:55:28 AM
2024-09-03T12:56:07.909Z - Error fetching data at 9/3/2024, 3:56:07 PM: Failed to parse URL from undefinedundefined
2024-09-04T07:25:19.170Z - Error fetching data at 9/4/2024, 10:25:19 AM: fetch failed
2024-09-04T07:25:37.019Z - Error fetching data at 9/4/2024, 10:25:37 AM: fetch failed
2024-09-04T08:18:53.812Z - Error fetching data at 9/4/2024, 11:18:53 AM: fetch failed
2024-09-04T08:19:21.105Z - Error fetching data at 9/4/2024, 11:19:21 AM: Failed to fetch data
2024-09-04T08:21:33.582Z - Error fetching data at 9/4/2024, 11:21:33 AM: Failed to fetch data
2024-09-04T08:27:46.621Z - Data fetched successfully at 9/4/2024, 11:27:46 AM
2024-09-05T11:03:19.622Z - Data fetched successfully at 9/5/2024, 2:03:19 PM
2024-09-06T11:03:22.342Z - Data fetched successfully at 9/6/2024, 2:03:22 PM
2024-09-07T11:00:00.476Z - Error fetching data at 9/7/2024, 2:00:00 PM: Failed to fetch data
2024-09-07T11:29:56.909Z - Data fetched successfully at 9/7/2024, 2:29:56 PM
2024-09-08T09:16:33.680Z - Data fetched successfully at 9/8/2024, 12:16:33 PM
2024-09-09T11:03:17.031Z - Data fetched successfully at 9/9/2024, 2:03:17 PM
2024-09-10T08:20:59.889Z - Error fetching data at 9/10/2024, 11:20:59 AM: Failed to fetch data
2024-09-10T11:03:18.723Z - Data fetched successfully at 9/10/2024, 2:03:18 PM
2024-09-11T08:10:03.949Z - Error fetching data at 9/11/2024, 11:10:03 AM: Failed to fetch data
2024-09-11T08:11:19.649Z - Error fetching data at 9/11/2024, 11:11:19 AM: Failed to fetch data
2024-09-11T08:19:59.816Z - Error fetching data at 9/11/2024, 11:19:59 AM: Failed to fetch data
2024-09-11T08:22:16.882Z - Error fetching data at 9/11/2024, 11:22:16 AM: Failed to fetch data
2024-09-11T09:55:43.723Z - Error fetching data at 9/11/2024, 12:55:43 PM: Failed to fetch data
2024-09-11T10:01:02.380Z - Error fetching data at 9/11/2024, 1:01:02 PM: fetch failed
2024-09-11T10:34:37.083Z - Data fetched successfully at 9/11/2024, 1:34:37 PM
2024-09-12T11:03:16.179Z - Data fetched successfully at 9/12/2024, 2:03:16 PM
2024-09-13T11:01:22.533Z - Data fetched successfully at 9/13/2024, 2:01:22 PM
2024-09-14T11:01:23.560Z - Data fetched successfully at 9/14/2024, 2:01:23 PM
2024-09-15T11:01:03.540Z - Data fetched successfully at 9/15/2024, 2:01:03 PM
2024-09-16T08:11:56.695Z - Error fetching data at 9/16/2024, 11:11:56 AM: Failed to fetch data
2024-09-16T08:13:53.442Z - Data fetched successfully at 9/16/2024, 11:13:53 AM
2024-09-17T11:01:23.484Z - Data fetched successfully at 9/17/2024, 2:01:23 PM
2024-09-18T11:00:56.429Z - Data fetched successfully at 9/18/2024, 2:00:56 PM
2024-09-19T11:01:43.801Z - Data fetched successfully at 9/19/2024, 2:01:43 PM
2024-09-20T11:01:29.633Z - Data fetched successfully at 9/20/2024, 2:01:29 PM
2024-09-21T08:38:24.314Z - Error fetching data at 9/21/2024, 11:38:24 AM: Failed to fetch data
2024-09-21T08:39:45.568Z - Data fetched successfully at 9/21/2024, 11:39:45 AM
2024-09-22T11:01:01.124Z - Data fetched successfully at 9/22/2024, 2:01:01 PM
2024-09-23T07:11:13.618Z - Error fetching data at 9/23/2024, 10:11:13 AM: fetch failed
2024-09-23T11:01:25.150Z - Data fetched successfully at 9/23/2024, 2:01:25 PM
2024-09-24T11:01:36.360Z - Data fetched successfully at 9/24/2024, 2:01:36 PM
2024-09-25T11:01:23.084Z - Data fetched successfully at 9/25/2024, 2:01:23 PM
2024-09-26T11:01:34.775Z - Data fetched successfully at 9/26/2024, 2:01:34 PM
2024-09-27T08:47:26.553Z - Data fetched successfully at 9/27/2024, 11:47:26 AM
2024-09-28T08:38:25.034Z - Error fetching data at 9/28/2024, 11:38:25 AM: fetch failed
2024-09-28T11:00:01.253Z - Error fetching data at 9/28/2024, 2:00:01 PM: Failed to fetch data
2024-09-29T11:01:23.758Z - Data fetched successfully at 9/29/2024, 2:01:23 PM
2024-10-01T08:09:05.029Z - Data fetched successfully at 10/1/2024, 11:09:05 AM
2024-10-02T11:03:28.516Z - Data fetched successfully at 10/2/2024, 2:03:28 PM
2024-10-03T11:01:35.739Z - Data fetched successfully at 10/3/2024, 2:01:35 PM
2024-10-04T11:01:31.993Z - Data fetched successfully at 10/4/2024, 2:01:31 PM
2024-10-05T11:00:00.272Z - Error fetching data at 10/5/2024, 2:00:00 PM: fetch failed
2024-10-06T11:00:00.656Z - Error fetching data at 10/6/2024, 2:00:00 PM: fetch failed
2024-10-06T12:04:26.683Z - Data fetched successfully at 10/6/2024, 3:04:26 PM
2024-10-07T07:41:11.123Z - Data fetched successfully at 10/7/2024, 10:41:11 AM
2024-10-16T07:21:17.262Z - Error fetching data at 10/16/2024, 10:21:17 AM: Failed to fetch data
2024-10-16T07:25:09.309Z - Data fetched successfully at 10/16/2024, 10:25:09 AM
2024-10-17T07:20:43.879Z - Error fetching data at 10/17/2024, 10:20:43 AM: fetch failed
2024-10-17T11:02:15.833Z - Data fetched successfully at 10/17/2024, 2:02:15 PM
2024-10-20T07:40:41.536Z - Data fetched successfully at 10/20/2024, 10:40:41 AM
2024-10-21T07:14:18.860Z - Data fetched successfully at 10/21/2024, 10:14:18 AM
2024-10-22T07:04:30.185Z - Data fetched successfully at 10/22/2024, 10:04:30 AM
2024-10-23T07:26:35.809Z - Error fetching data at 10/23/2024, 10:26:35 AM: Failed to fetch data
